
RAxML-NG v. 1.0.2-master released on 22.02.2021 by The Exelixis Lab.
Developed by: Alexey M. Kozlov and Alexandros Stamatakis.
Contributors: Diego Darriba, Tomas Flouri, Benoit Morel, Sarah Lutteropp, Ben Bettisworth.
Latest version: https://github.com/amkozlov/raxml-ng
Questions/problems/suggestions? Please visit: https://groups.google.com/forum/#!forum/raxml

System: 12th Gen Intel(R) Core(TM) i9-12900H, 14 cores, 31 GB RAM

RAxML-NG was called at 05-Nov-2024 16:18:19 as follows:

raxml-ng --model GTR+G4+FO --msa data/subclusterForRe_8.fasta --seed 239 --threads 4 --force --blmin 1e-10 --precision 16 --tree pars{5} --simd avx2

Analysis options:
  run mode: ML tree search
  start tree(s): parsimony (5)
  random seed: 239
  tip-inner: OFF
  pattern compression: ON
  per-rate scalers: OFF
  site repeats: ON
  fast spr radius: AUTO
  spr subtree cutoff: 1.000000
  branch lengths: proportional (ML estimate, algorithm: NR-FAST)
  SIMD kernels: AVX2
  parallelization: coarse-grained (auto), PTHREADS (4 threads), thread pinning: OFF

WARNING: Running in FORCE mode: all safety checks are disabled!

[00:00:00] Reading alignment from file: data/subclusterForRe_8.fasta
[00:00:00] Loaded alignment with 149 taxa and 29903 sites

Alignment comprises 1 partitions and 665 patterns

Partition 0: noname
Model: GTR+FO+G4m
Alignment sites / patterns: 29903 / 665
Gaps: 3.38 %
Invariant sites: 99.16 %


NOTE: Binary MSA file created: data/subclusterForRe_8.fasta.raxml.rba

Parallelization scheme autoconfig: 4 worker(s) x 1 thread(s)

Parallel reduction/worker buffer size: 1 KB  / 0 KB

[00:00:00] Generating 5 parsimony starting tree(s) with 149 taxa
[00:00:00] Data distribution: max. partitions/sites/weight per thread: 1 / 665 / 10640
[00:00:00] Data distribution: max. searches per worker: 2

Starting ML tree search with 5 distinct starting trees

[00:00:00 -199745.0043078520975541] Initial branch length optimization
[00:00:00 -41645.2178814749277080] Model parameter optimization (eps = 10.0000000000000000)
[00:00:01 -40721.9087991354463156] AUTODETECT spr round 1 (radius: 5)
[00:00:02 -40721.9087901679813513] SPR radius for FAST iterations: 5 (autodetect)
[00:00:02 -40721.9087901679813513] Model parameter optimization (eps = 3.0000000000000000)
[00:00:02 -40721.9087877490528626] FAST spr round 1 (radius: 5)
[00:00:03 -40721.9087877490528626] Model parameter optimization (eps = 1.0000000000000000)
[00:00:03 -40721.9087870497824042] SLOW spr round 1 (radius: 5)
[00:00:05 -40721.9087870497824042] SLOW spr round 2 (radius: 10)
[00:00:07 -40721.9087870497824042] SLOW spr round 3 (radius: 15)
[00:00:09 -40721.9087870497751283] SLOW spr round 4 (radius: 20)
[00:00:11 -40721.9087870497751283] SLOW spr round 5 (radius: 25)
[00:00:14 -40721.9087870497751283] Model parameter optimization (eps = 0.1000000000000000)
[00:00:14] [worker #1] ML tree search #2, logLikelihood: -40721.9087910591042601

[00:00:14] [worker #0] ML tree search #1, logLikelihood: -40721.9087869109207531

[00:00:14 -199744.7528168417338748] Initial branch length optimization
[00:00:14 -41645.2178814745493582] Model parameter optimization (eps = 10.0000000000000000)
[00:00:15] [worker #3] ML tree search #4, logLikelihood: -40721.9087870832954650
[00:00:16 -40721.9087992367713014] AUTODETECT spr round 1 (radius: 5)
[00:00:17 -40721.9087962674020673] SPR radius for FAST iterations: 5 (autodetect)
[00:00:17 -40721.9087962674020673] Model parameter optimization (eps = 3.0000000000000000)
[00:00:17 -40721.9087937646909268] FAST spr round 1 (radius: 5)
[00:00:19 -40721.9087907996799913] Model parameter optimization (eps = 1.0000000000000000)
[00:00:20 -40721.9087900832309970] SLOW spr round 1 (radius: 5)
[00:00:21] [worker #2] ML tree search #3, logLikelihood: -40721.9087674862821586
[00:00:23 -40721.9087900832309970] SLOW spr round 2 (radius: 10)
[00:00:27 -40721.9087900832382729] SLOW spr round 3 (radius: 15)
[00:00:31 -40721.9087900832382729] SLOW spr round 4 (radius: 20)
[00:00:35 -40721.9087900832309970] SLOW spr round 5 (radius: 25)
[00:00:39 -40721.9087900832309970] Model parameter optimization (eps = 0.1000000000000000)

[00:00:39] [worker #0] ML tree search #5, logLikelihood: -40721.9087899406731594


Optimized model parameters:

   Partition 0: noname
   Rate heterogeneity: GAMMA (4 cats, mean),  alpha: 99.8627038163557188 (ML),  weights&rates: (0.2500000000000000,0.8758226446779671) (0.2500000000000000,0.9647128126450777) (0.2500000000000000,1.0295673803216481) (0.2500000000000000,1.1298971623553071) 
   Base frequencies (ML): 0.2990495716913449 0.1828497297018440 0.1963820868336575 0.3217186117731536 
   Substitution rates (ML): 0.7698123139826010 2.5112436258598261 0.4381578103502233 0.0010000000000000 9.3063766029824375 1.0000000000000000 


Final LogLikelihood: -40721.9087674862821586

AIC score: 82051.8175349725643173 / AICc score: 82058.0828231677151052 / BIC score: 84576.7546179658675101
Free parameters (model + branch lengths): 304

WARNING: Best ML tree contains 139 near-zero branches!

Best ML tree with collapsed near-zero branches saved to: /home/azhukova/projects/bdpn/covid/data/subclusterForRe_8.fasta.raxml.bestTreeCollapsed
Best ML tree saved to: /home/azhukova/projects/bdpn/covid/data/subclusterForRe_8.fasta.raxml.bestTree
All ML trees saved to: /home/azhukova/projects/bdpn/covid/data/subclusterForRe_8.fasta.raxml.mlTrees
Optimized model saved to: /home/azhukova/projects/bdpn/covid/data/subclusterForRe_8.fasta.raxml.bestModel

Execution log saved to: /home/azhukova/projects/bdpn/covid/data/subclusterForRe_8.fasta.raxml.log

Analysis started: 05-Nov-2024 16:18:19 / finished: 05-Nov-2024 16:18:58

Elapsed time: 39.439 seconds

