
RAxML-NG v. 1.0.2-master released on 22.02.2021 by The Exelixis Lab.
Developed by: Alexey M. Kozlov and Alexandros Stamatakis.
Contributors: Diego Darriba, Tomas Flouri, Benoit Morel, Sarah Lutteropp, Ben Bettisworth.
Latest version: https://github.com/amkozlov/raxml-ng
Questions/problems/suggestions? Please visit: https://groups.google.com/forum/#!forum/raxml

System: 12th Gen Intel(R) Core(TM) i9-12900H, 14 cores, 31 GB RAM

RAxML-NG was called at 05-Nov-2024 16:17:32 as follows:

raxml-ng --model GTR+G4+FO --msa data/subclusterForRe_4.fasta --seed 239 --threads 4 --force --blmin 1e-10 --precision 16 --tree pars{5} --simd avx2

Analysis options:
  run mode: ML tree search
  start tree(s): parsimony (5)
  random seed: 239
  tip-inner: OFF
  pattern compression: ON
  per-rate scalers: OFF
  site repeats: ON
  fast spr radius: AUTO
  spr subtree cutoff: 1.000000
  branch lengths: proportional (ML estimate, algorithm: NR-FAST)
  SIMD kernels: AVX2
  parallelization: coarse-grained (auto), PTHREADS (4 threads), thread pinning: OFF

WARNING: Running in FORCE mode: all safety checks are disabled!

[00:00:00] Reading alignment from file: data/subclusterForRe_4.fasta
[00:00:00] Loaded alignment with 159 taxa and 29903 sites

Alignment comprises 1 partitions and 724 patterns

Partition 0: noname
Model: GTR+FO+G4m
Alignment sites / patterns: 29903 / 724
Gaps: 1.77 %
Invariant sites: 99.12 %


NOTE: Binary MSA file created: data/subclusterForRe_4.fasta.raxml.rba

Parallelization scheme autoconfig: 4 worker(s) x 1 thread(s)

Parallel reduction/worker buffer size: 1 KB  / 0 KB

[00:00:00] Generating 5 parsimony starting tree(s) with 159 taxa
[00:00:00] Data distribution: max. partitions/sites/weight per thread: 1 / 724 / 11584
[00:00:00] Data distribution: max. searches per worker: 2

Starting ML tree search with 5 distinct starting trees

[00:00:00 -209534.6747161328094080] Initial branch length optimization
[00:00:00 -41603.2569008834543638] Model parameter optimization (eps = 10.0000000000000000)
[00:00:01 -40668.6004775697292644] AUTODETECT spr round 1 (radius: 5)
[00:00:01 -40668.6004554888713756] SPR radius for FAST iterations: 5 (autodetect)
[00:00:01 -40668.6004554888713756] Model parameter optimization (eps = 3.0000000000000000)
[00:00:02 -40668.6004548726341454] FAST spr round 1 (radius: 5)
[00:00:03 -40668.6004445632715942] Model parameter optimization (eps = 1.0000000000000000)
[00:00:03 -40668.6004445632643183] SLOW spr round 1 (radius: 5)
[00:00:05 -40668.6004445632643183] SLOW spr round 2 (radius: 10)
[00:00:07 -40668.6004430811299244] SLOW spr round 3 (radius: 15)
[00:00:10 -40668.6004430811226484] SLOW spr round 4 (radius: 20)
[00:00:15 -40668.6004430811153725] SLOW spr round 5 (radius: 25)
[00:00:15] [worker #3] ML tree search #4, logLikelihood: -40668.6004436961011379
[00:00:20 -40668.6004430811153725] Model parameter optimization (eps = 0.1000000000000000)

[00:00:20] [worker #0] ML tree search #1, logLikelihood: -40668.6004430811153725

[00:00:20 -209526.2705828420585021] Initial branch length optimization
[00:00:20 -41603.2569008181599202] Model parameter optimization (eps = 10.0000000000000000)
[00:00:21 -40668.6004775473120390] AUTODETECT spr round 1 (radius: 5)
[00:00:23 -40668.6004538474444416] SPR radius for FAST iterations: 5 (autodetect)
[00:00:23 -40668.6004538474444416] Model parameter optimization (eps = 3.0000000000000000)
[00:00:23 -40668.6004530397258350] FAST spr round 1 (radius: 5)
[00:00:24] [worker #1] ML tree search #2, logLikelihood: -40668.6004622090113116
[00:00:25 -40668.6004530397258350] Model parameter optimization (eps = 1.0000000000000000)
[00:00:25 -40668.6004530397258350] SLOW spr round 1 (radius: 5)
[00:00:27] [worker #2] ML tree search #3, logLikelihood: -40668.6004560920046060
[00:00:29 -40668.6004530397258350] SLOW spr round 2 (radius: 10)
[00:00:33 -40668.6004530397258350] SLOW spr round 3 (radius: 15)
[00:00:37 -40668.6004530397258350] SLOW spr round 4 (radius: 20)
[00:00:41 -40668.6004530397258350] SLOW spr round 5 (radius: 25)
[00:00:46 -40668.6004530397258350] Model parameter optimization (eps = 0.1000000000000000)

[00:00:46] [worker #0] ML tree search #5, logLikelihood: -40668.6004530397258350


Optimized model parameters:

   Partition 0: noname
   Rate heterogeneity: GAMMA (4 cats, mean),  alpha: 99.8627019312363160 (ML),  weights&rates: (0.2500000000000000,0.8758226435358429) (0.2500000000000000,0.9647128122861661) (0.2500000000000000,1.0295673805728014) (0.2500000000000000,1.1298971636051895) 
   Base frequencies (ML): 0.2989742840622217 0.1826807668733066 0.1963263641242279 0.3220185849402438 
   Substitution rates (ML): 0.0010000000000000 1.5130736879370132 0.0010000000000000 0.0010000000000000 5.6039439211021209 1.0000000000000000 


Final LogLikelihood: -40668.6004430811153725

AIC score: 81985.2008861622307450 / AICc score: 81992.3210430355829885 / BIC score: 84676.2522509314148920
Free parameters (model + branch lengths): 324

WARNING: Best ML tree contains 149 near-zero branches!

Best ML tree with collapsed near-zero branches saved to: /home/azhukova/projects/bdpn/covid/data/subclusterForRe_4.fasta.raxml.bestTreeCollapsed
Best ML tree saved to: /home/azhukova/projects/bdpn/covid/data/subclusterForRe_4.fasta.raxml.bestTree
All ML trees saved to: /home/azhukova/projects/bdpn/covid/data/subclusterForRe_4.fasta.raxml.mlTrees
Optimized model saved to: /home/azhukova/projects/bdpn/covid/data/subclusterForRe_4.fasta.raxml.bestModel

Execution log saved to: /home/azhukova/projects/bdpn/covid/data/subclusterForRe_4.fasta.raxml.log

Analysis started: 05-Nov-2024 16:17:32 / finished: 05-Nov-2024 16:18:18

Elapsed time: 46.225 seconds

