
RAxML-NG v. 1.0.2-master released on 22.02.2021 by The Exelixis Lab.
Developed by: Alexey M. Kozlov and Alexandros Stamatakis.
Contributors: Diego Darriba, Tomas Flouri, Benoit Morel, Sarah Lutteropp, Ben Bettisworth.
Latest version: https://github.com/amkozlov/raxml-ng
Questions/problems/suggestions? Please visit: https://groups.google.com/forum/#!forum/raxml

System: 12th Gen Intel(R) Core(TM) i9-12900H, 14 cores, 31 GB RAM

RAxML-NG was called at 05-Nov-2024 16:10:17 as follows:

raxml-ng --model GTR+G4+FO --msa data/subclusterForRe_7.fasta --seed 239 --threads 4 --force --blmin 1e-10 --precision 16 --tree pars{5} --simd avx2

Analysis options:
  run mode: ML tree search
  start tree(s): parsimony (5)
  random seed: 239
  tip-inner: OFF
  pattern compression: ON
  per-rate scalers: OFF
  site repeats: ON
  fast spr radius: AUTO
  spr subtree cutoff: 1.000000
  branch lengths: proportional (ML estimate, algorithm: NR-FAST)
  SIMD kernels: AVX2
  parallelization: coarse-grained (auto), PTHREADS (4 threads), thread pinning: OFF

WARNING: Running in FORCE mode: all safety checks are disabled!

[00:00:00] Reading alignment from file: data/subclusterForRe_7.fasta
[00:00:00] Loaded alignment with 288 taxa and 29903 sites

Alignment comprises 1 partitions and 1635 patterns

Partition 0: noname
Model: GTR+FO+G4m
Alignment sites / patterns: 29903 / 1635
Gaps: 1.87 %
Invariant sites: 98.96 %


NOTE: Binary MSA file created: data/subclusterForRe_7.fasta.raxml.rba

Parallelization scheme autoconfig: 4 worker(s) x 1 thread(s)

Parallel reduction/worker buffer size: 1 KB  / 0 KB

[00:00:00] Generating 5 parsimony starting tree(s) with 288 taxa
[00:00:00] Data distribution: max. partitions/sites/weight per thread: 1 / 1635 / 26160
[00:00:00] Data distribution: max. searches per worker: 2

Starting ML tree search with 5 distinct starting trees

[00:00:00 -313817.7583540932973847] Initial branch length optimization
[00:00:00 -42413.3650139941892121] Model parameter optimization (eps = 10.0000000000000000)
[00:00:12 -41458.1593163568613818] AUTODETECT spr round 1 (radius: 5)
[00:00:23 -41458.1593134334325441] SPR radius for FAST iterations: 5 (autodetect)
[00:00:23 -41458.1593134334325441] Model parameter optimization (eps = 3.0000000000000000)
[00:00:25 -41458.1592936006782111] FAST spr round 1 (radius: 5)
[00:00:39 -41458.1592921392293647] Model parameter optimization (eps = 1.0000000000000000)
[00:00:41 -41458.1592909761238843] SLOW spr round 1 (radius: 5)
[00:01:02 -41458.1592909761311603] SLOW spr round 2 (radius: 10)
[00:01:25 -41458.1592909761311603] SLOW spr round 3 (radius: 15)
[00:01:42 -41458.1592909761311603] SLOW spr round 4 (radius: 20)
[00:01:54 -41458.1592909761311603] SLOW spr round 5 (radius: 25)
[00:02:02] [worker #3] ML tree search #4, logLikelihood: -41458.1596999103712733
[00:02:07 -41458.1592909761311603] Model parameter optimization (eps = 0.1000000000000000)

[00:02:08] [worker #0] ML tree search #1, logLikelihood: -41458.1592909124301514

[00:02:08 -313817.9527784324600361] Initial branch length optimization
[00:02:08 -42413.3650140047830064] Model parameter optimization (eps = 10.0000000000000000)
[00:02:12 -41458.1593148291212856] AUTODETECT spr round 1 (radius: 5)
[00:02:13] [worker #1] ML tree search #2, logLikelihood: -41467.7083679043280426
[00:02:17 -41458.1593046238849638] SPR radius for FAST iterations: 5 (autodetect)
[00:02:17 -41458.1593046238849638] Model parameter optimization (eps = 3.0000000000000000)
[00:02:17 -41458.1592861898825504] FAST spr round 1 (radius: 5)
[00:02:23 -41458.1592861898825504] Model parameter optimization (eps = 1.0000000000000000)
[00:02:24 -41458.1592851613531820] SLOW spr round 1 (radius: 5)
[00:02:34 -41458.1592851613531820] SLOW spr round 2 (radius: 10)
[00:02:42] [worker #2] ML tree search #3, logLikelihood: -41458.7302925129333744
[00:02:46 -41458.1592851613531820] SLOW spr round 3 (radius: 15)
[00:03:00 -41458.1592851613531820] SLOW spr round 4 (radius: 20)
[00:03:13 -41458.1592851613531820] SLOW spr round 5 (radius: 25)
[00:03:26 -41458.1592851613531820] Model parameter optimization (eps = 0.1000000000000000)

[00:03:26] [worker #0] ML tree search #5, logLikelihood: -41458.1592851027089637


Optimized model parameters:

   Partition 0: noname
   Rate heterogeneity: GAMMA (4 cats, mean),  alpha: 0.0201380030705161 (ML),  weights&rates: (0.2500000000000000,0.0000000000000000) (0.2500000000000000,0.0000000000000013) (0.2500000000000000,0.0000010490035392) (0.2500000000000000,3.9999989509964595) 
   Base frequencies (ML): 0.2991237805334397 0.1824876233521580 0.1961472243412390 0.3222413717731634 
   Substitution rates (ML): 0.5304707158622217 1.8163383130433206 0.3034889424311178 0.4031661004061098 4.3659913154426482 1.0000000000000000 


Final LogLikelihood: -41458.1592851027089637

AIC score: 84080.3185702054179274 / AICc score: 84103.4635906692710705 / BIC score: 88914.2441698834009003
Free parameters (model + branch lengths): 582

WARNING: Best ML tree contains 257 near-zero branches!

Best ML tree with collapsed near-zero branches saved to: /home/azhukova/projects/bdpn/covid/data/subclusterForRe_7.fasta.raxml.bestTreeCollapsed
Best ML tree saved to: /home/azhukova/projects/bdpn/covid/data/subclusterForRe_7.fasta.raxml.bestTree
All ML trees saved to: /home/azhukova/projects/bdpn/covid/data/subclusterForRe_7.fasta.raxml.mlTrees
Optimized model saved to: /home/azhukova/projects/bdpn/covid/data/subclusterForRe_7.fasta.raxml.bestModel

Execution log saved to: /home/azhukova/projects/bdpn/covid/data/subclusterForRe_7.fasta.raxml.log

Analysis started: 05-Nov-2024 16:10:17 / finished: 05-Nov-2024 16:13:44

Elapsed time: 206.705 seconds

