
RAxML-NG v. 1.0.2-master released on 22.02.2021 by The Exelixis Lab.
Developed by: Alexey M. Kozlov and Alexandros Stamatakis.
Contributors: Diego Darriba, Tomas Flouri, Benoit Morel, Sarah Lutteropp, Ben Bettisworth.
Latest version: https://github.com/amkozlov/raxml-ng
Questions/problems/suggestions? Please visit: https://groups.google.com/forum/#!forum/raxml

System: 12th Gen Intel(R) Core(TM) i9-12900H, 14 cores, 31 GB RAM

RAxML-NG was called at 05-Nov-2024 16:18:19 as follows:

raxml-ng --model data/raxmlng.4.model --msa data/subclusterForRe_4.fasta_og.fasta --seed 239 --threads 4 --force --blmin 1e-10 --precision 16 --tree rand{5} --simd avx2 --tree-constraint data/raxmlng.4.nwk

Analysis options:
  run mode: ML tree search
  start tree(s): random (5)
  topological constraint: data/raxmlng.4.nwk
  random seed: 239
  tip-inner: OFF
  pattern compression: ON
  per-rate scalers: OFF
  site repeats: ON
  fast spr radius: AUTO
  spr subtree cutoff: 1.000000
  branch lengths: proportional (ML estimate, algorithm: NR-FAST)
  SIMD kernels: AVX2
  parallelization: coarse-grained (auto), PTHREADS (4 threads), thread pinning: OFF

WARNING: Running in FORCE mode: all safety checks are disabled!

[00:00:00] Reading alignment from file: data/subclusterForRe_4.fasta_og.fasta
[00:00:00] Loaded alignment with 160 taxa and 29903 sites

Alignment comprises 1 partitions and 750 patterns

Partition 0: noname
Model: GTR{0.001/1.51307/0.001/0.001/5.60394/1}+FU{0.298974/0.182681/0.196326/0.322019}+G4m{99.8627}
Alignment sites / patterns: 29903 / 750
Gaps: 1.77 %
Invariant sites: 99.24 %


NOTE: Binary MSA file created: data/subclusterForRe_4.fasta_og.fasta.raxml.rba

[00:00:00] Loading constraint tree from: data/raxmlng.4.nwk
[00:00:00] Loaded non-comprehensive constraint tree with 159 taxa
Parallelization scheme autoconfig: 4 worker(s) x 1 thread(s)

Parallel reduction/worker buffer size: 1 KB  / 0 KB

[00:00:00] Generating 5 random starting tree(s) with 160 taxa
[00:00:00] Data distribution: max. partitions/sites/weight per thread: 1 / 750 / 12000
[00:00:00] Data distribution: max. searches per worker: 2

Starting ML tree search with 5 distinct starting trees

[00:00:00 -443460.4123557462589815] Initial branch length optimization
[00:00:00 -41348.0355585576326121] Model parameter optimization (eps = 10.0000000000000000)
[00:00:00 -41348.0326761263495428] AUTODETECT spr round 1 (radius: 5)
[00:00:02 -41341.9010512236709474] AUTODETECT spr round 2 (radius: 10)
[00:00:03 -41341.9010482688754564] SPR radius for FAST iterations: 5 (autodetect)
[00:00:03 -41341.9010482688754564] Model parameter optimization (eps = 3.0000000000000000)
[00:00:04 -41341.9010482688754564] FAST spr round 1 (radius: 5)
[00:00:06 -41341.9010482688754564] Model parameter optimization (eps = 1.0000000000000000)
[00:00:06 -41341.9010482688754564] SLOW spr round 1 (radius: 5)
[00:00:10 -41341.9010482688827324] SLOW spr round 2 (radius: 10)
[00:00:13 -41341.9010482688827324] SLOW spr round 3 (radius: 15)
[00:00:15] [worker #2] ML tree search #3, logLikelihood: -41341.9010715303957113
[00:00:18 -41341.9010482688827324] SLOW spr round 4 (radius: 20)
[00:00:22] [worker #3] ML tree search #4, logLikelihood: -41341.9010715603726567
[00:00:22] [worker #1] ML tree search #2, logLikelihood: -41341.9010750858506071
[00:00:22 -41341.9010482688827324] SLOW spr round 5 (radius: 25)
[00:00:26 -41341.9010482688827324] Model parameter optimization (eps = 0.1000000000000000)

[00:00:26] [worker #0] ML tree search #1, logLikelihood: -41341.9010482688827324

[00:00:26 -443433.4507743616704829] Initial branch length optimization
[00:00:26 -41341.9010910708238953] Model parameter optimization (eps = 10.0000000000000000)
[00:00:26 -41341.9010910708384472] AUTODETECT spr round 1 (radius: 5)
[00:00:28 -41341.0021955192714813] AUTODETECT spr round 2 (radius: 10)
[00:00:29 -41341.0021940336009720] SPR radius for FAST iterations: 5 (autodetect)
[00:00:29 -41341.0021940336009720] Model parameter optimization (eps = 3.0000000000000000)
[00:00:29 -41341.0021940336009720] FAST spr round 1 (radius: 5)
[00:00:31 -41341.0021940336009720] Model parameter optimization (eps = 1.0000000000000000)
[00:00:32 -41341.0021940336009720] SLOW spr round 1 (radius: 5)
[00:00:35 -41341.0021940336009720] SLOW spr round 2 (radius: 10)
[00:00:39 -41341.0021940336009720] SLOW spr round 3 (radius: 15)
[00:00:42 -41341.0021940336009720] SLOW spr round 4 (radius: 20)
[00:00:45 -41341.0021940336009720] SLOW spr round 5 (radius: 25)
[00:00:47 -41341.0021911597868893] Model parameter optimization (eps = 0.1000000000000000)

[00:00:47] [worker #0] ML tree search #5, logLikelihood: -41341.0021911597868893


Optimized model parameters:

   Partition 0: noname
   Rate heterogeneity: GAMMA (4 cats, mean),  alpha: 99.8627019312363160 (user),  weights&rates: (0.2500000000000000,0.8758226435358429) (0.2500000000000000,0.9647128122861661) (0.2500000000000000,1.0295673805728014) (0.2500000000000000,1.1298971636051895) 
   Base frequencies (user): 0.2989742840622217 0.1826807668733066 0.1963263641242279 0.3220185849402438 
   Substitution rates (user): 0.0010000000000000 1.5130736879370132 0.0010000000000000 0.0010000000000000 5.6039439211021209 1.0000000000000000 


Final LogLikelihood: -41341.0021911597868893

AIC score: 83316.0043823195737787 / AICc score: 83322.8190519156487426 / BIC score: 85948.9157484672032297
Free parameters (model + branch lengths): 317

WARNING: Best ML tree contains 150 near-zero branches!

Best ML tree with collapsed near-zero branches saved to: /home/azhukova/projects/bdpn/covid/data/subclusterForRe_4.fasta_og.fasta.raxml.bestTreeCollapsed
Best ML tree saved to: /home/azhukova/projects/bdpn/covid/data/subclusterForRe_4.fasta_og.fasta.raxml.bestTree
All ML trees saved to: /home/azhukova/projects/bdpn/covid/data/subclusterForRe_4.fasta_og.fasta.raxml.mlTrees
Optimized model saved to: /home/azhukova/projects/bdpn/covid/data/subclusterForRe_4.fasta_og.fasta.raxml.bestModel

Execution log saved to: /home/azhukova/projects/bdpn/covid/data/subclusterForRe_4.fasta_og.fasta.raxml.log

Analysis started: 05-Nov-2024 16:18:19 / finished: 05-Nov-2024 16:19:07

Elapsed time: 47.861 seconds

