
RAxML-NG v. 1.0.2-master released on 22.02.2021 by The Exelixis Lab.
Developed by: Alexey M. Kozlov and Alexandros Stamatakis.
Contributors: Diego Darriba, Tomas Flouri, Benoit Morel, Sarah Lutteropp, Ben Bettisworth.
Latest version: https://github.com/amkozlov/raxml-ng
Questions/problems/suggestions? Please visit: https://groups.google.com/forum/#!forum/raxml

System: 12th Gen Intel(R) Core(TM) i9-12900H, 14 cores, 31 GB RAM

RAxML-NG was called at 05-Nov-2024 16:17:42 as follows:

raxml-ng --model data/raxmlng.2.model --msa data/subclusterForRe_2.fasta_og.fasta --seed 239 --threads 4 --force --blmin 1e-10 --precision 16 --tree rand{5} --simd avx2 --tree-constraint data/raxmlng.2.nwk

Analysis options:
  run mode: ML tree search
  start tree(s): random (5)
  topological constraint: data/raxmlng.2.nwk
  random seed: 239
  tip-inner: OFF
  pattern compression: ON
  per-rate scalers: OFF
  site repeats: ON
  fast spr radius: AUTO
  spr subtree cutoff: 1.000000
  branch lengths: proportional (ML estimate, algorithm: NR-FAST)
  SIMD kernels: AVX2
  parallelization: coarse-grained (auto), PTHREADS (4 threads), thread pinning: OFF

WARNING: Running in FORCE mode: all safety checks are disabled!

[00:00:00] Reading alignment from file: data/subclusterForRe_2.fasta_og.fasta
[00:00:00] Loaded alignment with 166 taxa and 29903 sites

Alignment comprises 1 partitions and 896 patterns

Partition 0: noname
Model: GTR{2.25782/7.35552/1.92783/0.001/9.43899/1}+FU{0.299033/0.1829/0.196418/0.321648}+G4m{99.8627}
Alignment sites / patterns: 29903 / 896
Gaps: 2.20 %
Invariant sites: 99.30 %


NOTE: Binary MSA file created: data/subclusterForRe_2.fasta_og.fasta.raxml.rba

[00:00:00] Loading constraint tree from: data/raxmlng.2.nwk
[00:00:00] Loaded non-comprehensive constraint tree with 165 taxa
Parallelization scheme autoconfig: 4 worker(s) x 1 thread(s)

Parallel reduction/worker buffer size: 1 KB  / 0 KB

[00:00:00] Generating 5 random starting tree(s) with 166 taxa
[00:00:00] Data distribution: max. partitions/sites/weight per thread: 1 / 896 / 14336
[00:00:00] Data distribution: max. searches per worker: 2

Starting ML tree search with 5 distinct starting trees

[00:00:00 -469441.3717887462698855] Initial branch length optimization
[00:00:00 -41129.2224208006955450] Model parameter optimization (eps = 10.0000000000000000)
[00:00:00 -41129.2224208006955450] AUTODETECT spr round 1 (radius: 5)
[00:00:01 -41129.2224208006955450] SPR radius for FAST iterations: 5 (autodetect)
[00:00:01 -41129.2224208006955450] Model parameter optimization (eps = 3.0000000000000000)
[00:00:01 -41129.2224208006955450] FAST spr round 1 (radius: 5)
[00:00:03 -41129.2224208006955450] Model parameter optimization (eps = 1.0000000000000000)
[00:00:03 -41129.2224208006955450] SLOW spr round 1 (radius: 5)
[00:00:05 -41129.2224208006955450] SLOW spr round 2 (radius: 10)
[00:00:07 -41129.2224208006809931] SLOW spr round 3 (radius: 15)
[00:00:09 -41129.2224208006882691] SLOW spr round 4 (radius: 20)
[00:00:10 -41129.2224208006882691] SLOW spr round 5 (radius: 25)
[00:00:11] [worker #3] ML tree search #4, logLikelihood: -41129.2224205914244521
[00:00:12 -41122.8328667063760804] SLOW spr round 6 (radius: 5)
[00:00:14] [worker #1] ML tree search #2, logLikelihood: -41129.2224204555241158
[00:00:14 -41122.8328667063833564] SLOW spr round 7 (radius: 10)
[00:00:16 -41122.8328667063833564] SLOW spr round 8 (radius: 15)
[00:00:18 -41122.8328667063833564] SLOW spr round 9 (radius: 20)
[00:00:19] [worker #2] ML tree search #3, logLikelihood: -41129.2224179844051832
[00:00:21 -41122.8328667063833564] SLOW spr round 10 (radius: 25)
[00:00:23 -41122.8328667063833564] Model parameter optimization (eps = 0.1000000000000000)

[00:00:23] [worker #0] ML tree search #1, logLikelihood: -41122.8328667063833564

[00:00:23 -466837.1667874925769866] Initial branch length optimization
[00:00:23 -41129.2224203806908918] Model parameter optimization (eps = 10.0000000000000000)
[00:00:23 -41129.2224203806908918] AUTODETECT spr round 1 (radius: 5)
[00:00:24 -41122.8328661564446520] AUTODETECT spr round 2 (radius: 10)
[00:00:25 -41122.8328661564301001] SPR radius for FAST iterations: 5 (autodetect)
[00:00:25 -41122.8328661564301001] Model parameter optimization (eps = 3.0000000000000000)
[00:00:25 -41122.8328661564301001] FAST spr round 1 (radius: 5)
[00:00:27 -41122.8328661564301001] Model parameter optimization (eps = 1.0000000000000000)
[00:00:27 -41122.8328661564301001] SLOW spr round 1 (radius: 5)
[00:00:29 -41122.8328661564301001] SLOW spr round 2 (radius: 10)
[00:00:31 -41122.8328661564301001] SLOW spr round 3 (radius: 15)
[00:00:32 -41122.8328661564301001] SLOW spr round 4 (radius: 20)
[00:00:34 -41122.8328661564301001] SLOW spr round 5 (radius: 25)
[00:00:36 -41122.8328661564301001] Model parameter optimization (eps = 0.1000000000000000)

[00:00:36] [worker #0] ML tree search #5, logLikelihood: -41122.8328661564301001


Optimized model parameters:

   Partition 0: noname
   Rate heterogeneity: GAMMA (4 cats, mean),  alpha: 99.8627120784451847 (user),  weights&rates: (0.2500000000000000,0.8758226496833157) (0.2500000000000000,0.9647128142178081) (0.2500000000000000,1.0295673792219131) (0.2500000000000000,1.1298971568769631) 
   Base frequencies (user): 0.2990331691766667 0.1829001404415363 0.1964183376550325 0.3216483527267646 
   Substitution rates (user): 2.2578223758579461 7.3555169310660995 1.9278254258068188 0.0010000000000000 9.4389852261011207 1.0000000000000000 


Final LogLikelihood: -41122.8328661564301001

AIC score: 82903.6657323128602002 / AICc score: 82911.0082406819856260 / BIC score: 85636.2456675260182237
Free parameters (model + branch lengths): 329

WARNING: Best ML tree contains 156 near-zero branches!

Best ML tree with collapsed near-zero branches saved to: /home/azhukova/projects/bdpn/covid/data/subclusterForRe_2.fasta_og.fasta.raxml.bestTreeCollapsed
Best ML tree saved to: /home/azhukova/projects/bdpn/covid/data/subclusterForRe_2.fasta_og.fasta.raxml.bestTree
All ML trees saved to: /home/azhukova/projects/bdpn/covid/data/subclusterForRe_2.fasta_og.fasta.raxml.mlTrees
Optimized model saved to: /home/azhukova/projects/bdpn/covid/data/subclusterForRe_2.fasta_og.fasta.raxml.bestModel

Execution log saved to: /home/azhukova/projects/bdpn/covid/data/subclusterForRe_2.fasta_og.fasta.raxml.log

Analysis started: 05-Nov-2024 16:17:42 / finished: 05-Nov-2024 16:18:18

Elapsed time: 36.307 seconds

