
RAxML-NG v. 1.0.2-master released on 22.02.2021 by The Exelixis Lab.
Developed by: Alexey M. Kozlov and Alexandros Stamatakis.
Contributors: Diego Darriba, Tomas Flouri, Benoit Morel, Sarah Lutteropp, Ben Bettisworth.
Latest version: https://github.com/amkozlov/raxml-ng
Questions/problems/suggestions? Please visit: https://groups.google.com/forum/#!forum/raxml

System: 12th Gen Intel(R) Core(TM) i9-12900H, 14 cores, 31 GB RAM

RAxML-NG was called at 05-Nov-2024 16:10:17 as follows:

raxml-ng --model GTR+G4+FO --msa data/subclusterForRe_6.fasta --seed 239 --threads 4 --force --blmin 1e-10 --precision 16 --tree pars{5} --simd avx2

Analysis options:
  run mode: ML tree search
  start tree(s): parsimony (5)
  random seed: 239
  tip-inner: OFF
  pattern compression: ON
  per-rate scalers: OFF
  site repeats: ON
  fast spr radius: AUTO
  spr subtree cutoff: 1.000000
  branch lengths: proportional (ML estimate, algorithm: NR-FAST)
  SIMD kernels: AVX2
  parallelization: coarse-grained (auto), PTHREADS (4 threads), thread pinning: OFF

WARNING: Running in FORCE mode: all safety checks are disabled!

[00:00:00] Reading alignment from file: data/subclusterForRe_6.fasta
[00:00:00] Loaded alignment with 472 taxa and 29903 sites

Alignment comprises 1 partitions and 1866 patterns

Partition 0: noname
Model: GTR+FO+G4m
Alignment sites / patterns: 29903 / 1866
Gaps: 2.68 %
Invariant sites: 99.20 %


NOTE: Binary MSA file created: data/subclusterForRe_6.fasta.raxml.rba

Parallelization scheme autoconfig: 4 worker(s) x 1 thread(s)

Parallel reduction/worker buffer size: 1 KB  / 0 KB

[00:00:00] Generating 5 parsimony starting tree(s) with 472 taxa
[00:00:00] Data distribution: max. partitions/sites/weight per thread: 1 / 1866 / 29856
[00:00:00] Data distribution: max. searches per worker: 2

Starting ML tree search with 5 distinct starting trees

[00:00:00 -460332.9003542705904692] Initial branch length optimization
[00:00:01 -41479.2626481141560362] Model parameter optimization (eps = 10.0000000000000000)
[00:00:16 -40575.9677013306281879] AUTODETECT spr round 1 (radius: 5)
[00:00:48 -40575.9676776613705442] SPR radius for FAST iterations: 5 (autodetect)
[00:00:48 -40575.9676776613705442] Model parameter optimization (eps = 3.0000000000000000)
[00:00:50 -40575.9676700602358324] FAST spr round 1 (radius: 5)
[00:01:22 -40575.9676700602285564] Model parameter optimization (eps = 1.0000000000000000)
[00:01:24 -40575.9676649288230692] SLOW spr round 1 (radius: 5)
[00:01:59 -40575.9676649288230692] SLOW spr round 2 (radius: 10)
[00:02:32 -40575.9676590290691820] SLOW spr round 3 (radius: 15)
[00:03:09 -40575.9676590290691820] SLOW spr round 4 (radius: 20)
[00:03:49 -40575.9676590290691820] SLOW spr round 5 (radius: 25)
[00:04:29 -40575.9676590290691820] Model parameter optimization (eps = 0.1000000000000000)

[00:04:32] [worker #0] ML tree search #1, logLikelihood: -40575.9676549348660046

[00:04:32 -460355.3328132656752132] Initial branch length optimization
[00:04:32 -41479.2626482753694290] Model parameter optimization (eps = 10.0000000000000000)
[00:04:43 -40575.9677021880415850] AUTODETECT spr round 1 (radius: 5)
[00:05:06] [worker #3] ML tree search #4, logLikelihood: -40575.9676944189632195
[00:05:10 -40575.9676844452478690] SPR radius for FAST iterations: 5 (autodetect)
[00:05:10 -40575.9676844452478690] Model parameter optimization (eps = 3.0000000000000000)
[00:05:12] [worker #1] ML tree search #2, logLikelihood: -40575.4742564890766516
[00:05:12 -40575.9676768132339930] FAST spr round 1 (radius: 5)
[00:05:34 -40575.9676738389534876] Model parameter optimization (eps = 1.0000000000000000)
[00:05:36 -40575.9676686959646759] SLOW spr round 1 (radius: 5)
[00:06:00 -40575.9676686959646759] SLOW spr round 2 (radius: 10)
[00:06:26 -40575.9676686959646759] SLOW spr round 3 (radius: 15)
[00:06:30] [worker #2] ML tree search #3, logLikelihood: -40575.9677017173671629
[00:07:05 -40575.9676686959646759] SLOW spr round 4 (radius: 20)
[00:07:38 -40575.9676448532773065] SLOW spr round 5 (radius: 25)
[00:08:12 -40575.9676448532773065] Model parameter optimization (eps = 0.1000000000000000)

[00:08:14] [worker #0] ML tree search #5, logLikelihood: -40575.9676407464212389


Optimized model parameters:

   Partition 0: noname
   Rate heterogeneity: GAMMA (4 cats, mean),  alpha: 99.8627120585597794 (ML),  weights&rates: (0.2500000000000000,0.8758226496712448) (0.2500000000000000,0.9647128142139086) (0.2500000000000000,1.0295673792248121) (0.2500000000000000,1.1298971568900344) 
   Base frequencies (ML): 0.2989656165142838 0.1829505774702004 0.1964860284460508 0.3215977775694650 
   Substitution rates (ML): 2.2474647623780726 10.4417193218761462 1.2784561758780602 1.7084389756197931 11.4805390735972654 1.0000000000000000 


Final LogLikelihood: -40575.4742564890766516

AIC score: 83050.9485129781533033 / AICc score: 83113.3587091649387730 / BIC score: 90941.3768973322439706
Free parameters (model + branch lengths): 950

WARNING: Best ML tree contains 463 near-zero branches!

Best ML tree with collapsed near-zero branches saved to: /home/azhukova/projects/bdpn/covid/data/subclusterForRe_6.fasta.raxml.bestTreeCollapsed
Best ML tree saved to: /home/azhukova/projects/bdpn/covid/data/subclusterForRe_6.fasta.raxml.bestTree
All ML trees saved to: /home/azhukova/projects/bdpn/covid/data/subclusterForRe_6.fasta.raxml.mlTrees
Optimized model saved to: /home/azhukova/projects/bdpn/covid/data/subclusterForRe_6.fasta.raxml.bestModel

Execution log saved to: /home/azhukova/projects/bdpn/covid/data/subclusterForRe_6.fasta.raxml.log

Analysis started: 05-Nov-2024 16:10:17 / finished: 05-Nov-2024 16:18:31

Elapsed time: 494.071 seconds

