
RAxML-NG v. 1.0.2-master released on 22.02.2021 by The Exelixis Lab.
Developed by: Alexey M. Kozlov and Alexandros Stamatakis.
Contributors: Diego Darriba, Tomas Flouri, Benoit Morel, Sarah Lutteropp, Ben Bettisworth.
Latest version: https://github.com/amkozlov/raxml-ng
Questions/problems/suggestions? Please visit: https://groups.google.com/forum/#!forum/raxml

System: 12th Gen Intel(R) Core(TM) i9-12900H, 14 cores, 31 GB RAM

RAxML-NG was called at 05-Nov-2024 16:17:04 as follows:

raxml-ng --model GTR+G4+FO --msa data/subclusterForRe_2.fasta --seed 239 --threads 4 --force --blmin 1e-10 --precision 16 --tree pars{5} --simd avx2

Analysis options:
  run mode: ML tree search
  start tree(s): parsimony (5)
  random seed: 239
  tip-inner: OFF
  pattern compression: ON
  per-rate scalers: OFF
  site repeats: ON
  fast spr radius: AUTO
  spr subtree cutoff: 1.000000
  branch lengths: proportional (ML estimate, algorithm: NR-FAST)
  SIMD kernels: AVX2
  parallelization: coarse-grained (auto), PTHREADS (4 threads), thread pinning: OFF

WARNING: Running in FORCE mode: all safety checks are disabled!

[00:00:00] Reading alignment from file: data/subclusterForRe_2.fasta
[00:00:00] Loaded alignment with 165 taxa and 29903 sites

Alignment comprises 1 partitions and 872 patterns

Partition 0: noname
Model: GTR+FO+G4m
Alignment sites / patterns: 29903 / 872
Gaps: 2.21 %
Invariant sites: 99.22 %


NOTE: Binary MSA file created: data/subclusterForRe_2.fasta.raxml.rba

Parallelization scheme autoconfig: 4 worker(s) x 1 thread(s)

Parallel reduction/worker buffer size: 1 KB  / 0 KB

[00:00:00] Generating 5 parsimony starting tree(s) with 165 taxa
[00:00:00] Data distribution: max. partitions/sites/weight per thread: 1 / 872 / 13952
[00:00:00] Data distribution: max. searches per worker: 2

Starting ML tree search with 5 distinct starting trees

[00:00:00 -213924.5462282998487353] Initial branch length optimization
[00:00:00 -41424.5488646054654964] Model parameter optimization (eps = 10.0000000000000000)
[00:00:01 -40522.2858992339752149] AUTODETECT spr round 1 (radius: 5)
[00:00:03 -40522.2858992339752149] SPR radius for FAST iterations: 5 (autodetect)
[00:00:03 -40522.2858992339752149] Model parameter optimization (eps = 3.0000000000000000)
[00:00:03 -40522.2858725445257733] FAST spr round 1 (radius: 5)
[00:00:05 -40522.2858725445257733] Model parameter optimization (eps = 1.0000000000000000)
[00:00:05 -40522.2858564491616562] SLOW spr round 1 (radius: 5)
[00:00:08 -40522.2858564491616562] SLOW spr round 2 (radius: 10)
[00:00:11 -40522.2858564491616562] SLOW spr round 3 (radius: 15)
[00:00:14 -40522.2858549660013523] SLOW spr round 4 (radius: 20)
[00:00:17 -40522.2858549660013523] SLOW spr round 5 (radius: 25)
[00:00:20 -40522.2858549659940763] Model parameter optimization (eps = 0.1000000000000000)

[00:00:20] [worker #0] ML tree search #1, logLikelihood: -40522.2858419251278974

[00:00:20 -213981.5379016135993879] Initial branch length optimization
[00:00:20 -41424.5488651759951608] Model parameter optimization (eps = 10.0000000000000000)
[00:00:21 -40522.2857364363153465] AUTODETECT spr round 1 (radius: 5)
[00:00:22 -40522.2857349499972770] SPR radius for FAST iterations: 5 (autodetect)
[00:00:22 -40522.2857349499972770] Model parameter optimization (eps = 3.0000000000000000)
[00:00:23 -40522.2857302774500567] FAST spr round 1 (radius: 5)
[00:00:23] [worker #1] ML tree search #2, logLikelihood: -40522.2858495999826118
[00:00:24 -40522.2857302774500567] Model parameter optimization (eps = 1.0000000000000000)
[00:00:24 -40522.2857263149126084] SLOW spr round 1 (radius: 5)
[00:00:27] [worker #2] ML tree search #3, logLikelihood: -40522.2858621436971589
[00:00:27 -40522.2857263149126084] SLOW spr round 2 (radius: 10)
[00:00:30 -40522.2857263149126084] SLOW spr round 3 (radius: 15)
[00:00:32 -40522.2857263149198843] SLOW spr round 4 (radius: 20)
[00:00:33] [worker #3] ML tree search #4, logLikelihood: -40522.2857398544947500
[00:00:35 -40522.2857263149198843] SLOW spr round 5 (radius: 25)
[00:00:37 -40522.2857263149126084] Model parameter optimization (eps = 0.1000000000000000)

[00:00:38] [worker #0] ML tree search #5, logLikelihood: -40522.2857225626794389


Optimized model parameters:

   Partition 0: noname
   Rate heterogeneity: GAMMA (4 cats, mean),  alpha: 99.8627120784451847 (ML),  weights&rates: (0.2500000000000000,0.8758226496833157) (0.2500000000000000,0.9647128142178081) (0.2500000000000000,1.0295673792219131) (0.2500000000000000,1.1298971568769631) 
   Base frequencies (ML): 0.2990331691766667 0.1829001404415363 0.1964183376550325 0.3216483527267646 
   Substitution rates (ML): 2.2578223758579461 7.3555169310660995 1.9278254258068188 0.0010000000000000 9.4389852261011207 1.0000000000000000 


Final LogLikelihood: -40522.2857225626794389

AIC score: 81716.5714451253588777 / AICc score: 81724.2310541357146576 / BIC score: 84507.2913789600715972
Free parameters (model + branch lengths): 336

WARNING: Best ML tree contains 155 near-zero branches!

Best ML tree with collapsed near-zero branches saved to: /home/azhukova/projects/bdpn/covid/data/subclusterForRe_2.fasta.raxml.bestTreeCollapsed
Best ML tree saved to: /home/azhukova/projects/bdpn/covid/data/subclusterForRe_2.fasta.raxml.bestTree
All ML trees saved to: /home/azhukova/projects/bdpn/covid/data/subclusterForRe_2.fasta.raxml.mlTrees
Optimized model saved to: /home/azhukova/projects/bdpn/covid/data/subclusterForRe_2.fasta.raxml.bestModel

Execution log saved to: /home/azhukova/projects/bdpn/covid/data/subclusterForRe_2.fasta.raxml.log

Analysis started: 05-Nov-2024 16:17:04 / finished: 05-Nov-2024 16:17:42

Elapsed time: 38.155 seconds

