
LEAST-SQUARE METHODS TO ESTIMATE RATES AND DATES - v.2.4.1 


Input files:
  i                                               Input tree file : data/raxmlng.6.og.nwk
  d                                               Input date file : data/dates.6.tab
  p                                                Partition file : No
  g                                       File contains outgroups : data/outgroup.txt
  G                       Remove outgroups in the estimating tree : Yes
Output file:
  o                                                  Output file  : data/timetree_6.wd_lsd2
Parameters:
  a                                                     Root date : No
  z                                                     Tips date : No
  c                                              With constraints : Yes
  t                                      Lower bound for the rate : 1e-10
  v                                                With variances : Yes, use variances based on input branch lengths
  b                              Adjusted parameter for variances : To estimate
  r                                             Estimate the root : No
  w                                       Given substitution rate : No
  n                                             Multiple data set : No
  f                                  Compute confidence intervals : Yes, sampling 1000 times
  q                  Standard deviation of lognormal relaxed clock: 0.2 (for computing confidence intervals)
  s                                               Sequence length : 29903
  e                                          Exclude outlier tips : Yes, detect and exclude outliers from the analysis
  m                   Number of sampling nodes to detect outliers : 155
  e                       The Zscore threshold to detect outliers : 3
  u                Min internal branch length of time scaled tree : To estimate
  R     Rounding number for min branch length of time scaled tree : To guess
  U                Min external branch length of time scaled tree : To estimate
  l                        Collapsed internal branch length limit : 1.67207e-05
  D                                            Output date format : Based on input date format
  E  Estimate rates for external and internal branches separately : No

  h to print Help 
  y to accept or type a letter to change an option (x = Exit) 
Tree 1 
Parameter to adjust variances was set to 0.000334415 (settable via option -b)
Minimum branch length of time scaled tree (settable via option -u and -U): 1.41818e-06,
 rounded to 0 (0/365) using factor 365 (settable via option -R)

*RESULTS:
- The input dates associated with the following 3 nodes are considered as
 outliers, so those nodes were removed from the analysis:
 Australia_BA.1_EPI_ISL_9302054_2022.066 Australia_BA.1_EPI_ISL_9059113_2022.047 Australia_BA.1_EPI_ISL_8901483_2022.041
- Dating results:
 rate 4.60592e-05, tMRCA 2021.07 , objective function 0.000124934
- Results with confidence intervals:
 rate 4.60592e-05 [1.41788e-05; 7.21249e-05], tMRCA 2021.07 [2018.15; 2021.82], objective function 0.000124934

*********************************************************

TOTAL ELAPSED TIME: 0.453029 seconds
