
LEAST-SQUARE METHODS TO ESTIMATE RATES AND DATES - v.2.4.1 


Input files:
  i                                               Input tree file : data/raxmlng.1.og.nwk
  d                                               Input date file : data/dates.1.tab
  p                                                Partition file : No
  g                                       File contains outgroups : data/outgroup.txt
  G                       Remove outgroups in the estimating tree : Yes
Output file:
  o                                                  Output file  : data/timetree_1.wd_lsd2
Parameters:
  a                                                     Root date : No
  z                                                     Tips date : No
  c                                              With constraints : Yes
  t                                      Lower bound for the rate : 1e-10
  v                                                With variances : Yes, use variances based on input branch lengths
  b                              Adjusted parameter for variances : To estimate
  r                                             Estimate the root : No
  w                                       Given substitution rate : No
  n                                             Multiple data set : No
  f                                  Compute confidence intervals : Yes, sampling 1000 times
  q                  Standard deviation of lognormal relaxed clock: 0.2 (for computing confidence intervals)
  s                                               Sequence length : 29903
  e                                          Exclude outlier tips : Yes, detect and exclude outliers from the analysis
  m                   Number of sampling nodes to detect outliers : 111
  e                       The Zscore threshold to detect outliers : 3
  u                Min internal branch length of time scaled tree : To estimate
  R     Rounding number for min branch length of time scaled tree : To guess
  U                Min external branch length of time scaled tree : To estimate
  l                        Collapsed internal branch length limit : 1.67207e-05
  D                                            Output date format : Based on input date format
  E  Estimate rates for external and internal branches separately : No

  h to print Help 
  y to accept or type a letter to change an option (x = Exit) 
Tree 1 
Parameter to adjust variances was set to 0.000334415 (settable via option -b)
Minimum branch length of time scaled tree (settable via option -u and -U): 2.69591e-07,
 rounded to 0 (0/365) using factor 365 (settable via option -R)

*RESULTS:
- The input dates associated with the following 6 nodes are considered as
 outliers, so those nodes were removed from the analysis:
 Australia_BA.1_EPI_ISL_8955956_2022.044 Australia_BA.1_EPI_ISL_8643610_2021.989 Australia_BA.1_EPI_ISL_8955957_2022.044 Australia_BA.1_EPI_ISL_8132898_2021.97 Australia_BA.1_EPI_ISL_8215927_2021.97 Australia_BA.1_EPI_ISL_8955978_2022.044
- Dating results:
 rate 0.000258859, tMRCA 2021.91 , objective function 0.00029884
- Results with confidence intervals:
 rate 0.000258859 [0.000132365; 0.000325425], tMRCA 2021.91 [2021.79; 2021.96], objective function 0.00029884

*********************************************************

TOTAL ELAPSED TIME: 0.33179 seconds
